<?xml version="1.0" encoding="UTF-8"?>
<!-- Generated by org.testng.reporters.JUnitReportReporter -->
<testsuite skipped="0" hostname="mohammads-MBP.home" name="com.Amgen.qa.testcases.PhysicianInformationPageTest" tests="4" failures="0" timestamp="2020-05-09T13:35:38 EDT" time="92.986" errors="0">
  <testcase name="physicianInformationPageTest" time="21.134" classname="com.Amgen.qa.testcases.PhysicianInformationPageTest"/>
  <system-out/>
  <testcase name="physicianInformationPageTest" time="23.244" classname="com.Amgen.qa.testcases.PhysicianInformationPageTest"/>
  <system-out/>
  <testcase name="physicianInformationPageTest" time="25.296" classname="com.Amgen.qa.testcases.PhysicianInformationPageTest"/>
  <system-out/>
  <testcase name="physicianInformationPageTest" time="23.312" classname="com.Amgen.qa.testcases.PhysicianInformationPageTest"/>
  <system-out/>
</testsuite> <!-- com.Amgen.qa.testcases.PhysicianInformationPageTest -->
