<?xml version="1.0" encoding="UTF-8"?>
<!-- Generated by org.testng.reporters.JUnitReportReporter -->
<testsuite skipped="0" hostname="mohammads-MBP.home" name="com.Amgen.qa.testcases.PatientInformationPageTest" tests="4" failures="0" timestamp="2020-05-01T00:27:02 EDT" time="73.858" errors="0">
  <testcase name="physicianInformationPageTest" time="12.666" classname="com.Amgen.qa.testcases.PatientInformationPageTest"/>
  <system-out/>
  <testcase name="physicianInformationPageTest" time="34.112" classname="com.Amgen.qa.testcases.PatientInformationPageTest"/>
  <system-out/>
  <testcase name="physicianInformationPageTest" time="12.593" classname="com.Amgen.qa.testcases.PatientInformationPageTest"/>
  <system-out/>
  <testcase name="physicianInformationPageTest" time="14.487" classname="com.Amgen.qa.testcases.PatientInformationPageTest"/>
  <system-out/>
</testsuite> <!-- com.Amgen.qa.testcases.PatientInformationPageTest -->
