<?xml version="1.0" encoding="UTF-8"?>
<!-- Generated by org.testng.reporters.JUnitReportReporter -->
<testsuite skipped="0" hostname="mohammads-MBP.home" name="com.Amgen.qa.testcases.EligibilityPageTerst" tests="1" failures="0" timestamp="2020-05-01T00:27:02 EDT" time="8.742" errors="0">
  <testcase name="clickOnRadioBtnQ1Test" time="8.742" classname="com.Amgen.qa.testcases.EligibilityPageTerst"/>
  <system-out/>
</testsuite> <!-- com.Amgen.qa.testcases.EligibilityPageTerst -->
